<?xml version="1.0" encoding="UTF-8" standalone="no"?><testsuite errors="0" failures="0" name="Verify the operation of the pet store's services" skipped="0" tests="4" time="9.2" timestamp="2024-02-02 12:59:45"><testcase name="Verify the creation of a user in the pet store"/><testcase name="Verify the user search method of the pet store"/><testcase name="Verify the method that updates user information in the pet store"/><testcase name="Verify the deletion of a previously created user"/></testsuite>